[debug] [2019-11-29T14:25:40.788Z] ----------------------------------------------------------------------
[debug] [2019-11-29T14:25:40.791Z] Command:       C:\Program Files\nodejs\node.exe C:\Users\Bety Cajica\AppData\Roaming\npm\node_modules\firebase-tools\lib\bin\firebase.js init
[debug] [2019-11-29T14:25:40.791Z] CLI Version:   7.6.1
[debug] [2019-11-29T14:25:40.791Z] Platform:      win32
[debug] [2019-11-29T14:25:40.791Z] Node Version:  v10.16.3
[debug] [2019-11-29T14:25:40.792Z] Time:          Fri Nov 29 2019 08:25:40 GMT-0600 (GMT-06:00)
[debug] [2019-11-29T14:25:40.792Z] ----------------------------------------------------------------------
[debug] [2019-11-29T14:25:40.792Z] 
[debug] [2019-11-29T14:25:40.802Z] > command requires scopes: ["email","openid","https://www.googleapis.com/auth/cloudplatformprojects.readonly","https://www.googleapis.com/auth/firebase","https://www.googleapis.com/auth/cloud-platform"]
[debug] [2019-11-29T14:25:40.802Z] > authorizing via signed-in user
[info] 
     ######## #### ########  ######## ########     ###     ######  ########
     ##        ##  ##     ## ##       ##     ##  ##   ##  ##       ##
     ######    ##  ########  ######   ########  #########  ######  ######
     ##        ##  ##    ##  ##       ##     ## ##     ##       ## ##
     ##       #### ##     ## ######## ########  ##     ##  ######  ########

You're about to initialize a Firebase project in this directory:

  C:\Users\Bety Cajica\Desktop\GranjApp.Angular

Before we get started, keep in mind:

  * You are initializing in an existing Firebase project directory

